Using pre-set license
Built from '2020.3/staging' branch; Version is '2020.3.0f1 (c7b5465681fb) revision 13088070'; Using compiler version '192528614'; Build Type 'Release'
OS: 'Windows 10 Pro; OS build 19042.985; Version 2009; 64bit' Language: 'es' Physical Memory: 16300 MB
BatchMode: 1, IsHumanControllingUs: 0, StartBugReporterOnCrash: 0, Is64bit: 1, IsPro: 0

 COMMAND LINE ARGUMENTS:
C:\Program Files\Unity\Hub\Editor\2020.3.0f1\Editor\Unity.exe
-adb2
-batchMode
-noUpm
-name
AssetImportWorker0
-projectPath
C:/Users/nofre/Desktop/Unity/Windows/New Unity Project/rubik-plano
-logFile
Logs/AssetImportWorker0.log
-srvPort
60480
Successfully changed project path to: C:/Users/nofre/Desktop/Unity/Windows/New Unity Project/rubik-plano
C:/Users/nofre/Desktop/Unity/Windows/New Unity Project/rubik-plano
Using Asset Import Pipeline V2.
Refreshing native plugins compatible for Editor in 31.70 ms, found 1 plugins.
Preloading 0 native plugins for Editor in 0.00 ms.
Initialize engine version: 2020.3.0f1 (c7b5465681fb)
[Subsystems] Discovering subsystems at path C:/Program Files/Unity/Hub/Editor/2020.3.0f1/Editor/Data/Resources/UnitySubsystems
[Subsystems] Discovering subsystems at path C:/Users/nofre/Desktop/Unity/Windows/New Unity Project/rubik-plano/Assets
GfxDevice: creating device client; threaded=0
Direct3D:
    Version:  Direct3D 11.0 [level 11.1]
    Renderer: NVIDIA GeForce GTX 1660 SUPER (ID=0x21c4)
    Vendor:   
    VRAM:     5991 MB
    Driver:   27.21.14.5730
Initialize mono
Mono path[0] = 'C:/Program Files/Unity/Hub/Editor/2020.3.0f1/Editor/Data/Managed'
Mono path[1] = 'C:/Program Files/Unity/Hub/Editor/2020.3.0f1/Editor/Data/MonoBleedingEdge/lib/mono/unityjit'
Mono config path = 'C:/Program Files/Unity/Hub/Editor/2020.3.0f1/Editor/Data/MonoBleedingEdge/etc'
Using monoOptions --debugger-agent=transport=dt_socket,embedding=1,server=y,suspend=n,address=127.0.0.1:56372
Begin MonoManager ReloadAssembly
Registering precompiled unity dll's ...
Register platform support module: C:/Program Files/Unity/Hub/Editor/2020.3.0f1/Editor/Data/PlaybackEngines/WindowsStandaloneSupport/UnityEditor.WindowsStandalone.Extensions.dll
Registered in 0.002298 seconds.
Native extension for WindowsStandalone target not found
Refreshing native plugins compatible for Editor in 35.90 ms, found 1 plugins.
Preloading 0 native plugins for Editor in 0.00 ms.
Invoked RoslynAnalysisRunner static constructor.
RoslynAnalysisRunner will not be running.
RoslynAnalysisRunner has terminated.
Mono: successfully reloaded assembly
- Completed reload, in  1.056 seconds
Platform modules already initialized, skipping
Registering precompiled user dll's ...
Registered in 0.001154 seconds.
Begin MonoManager ReloadAssembly
Native extension for WindowsStandalone target not found
Refreshing native plugins compatible for Editor in 0.35 ms, found 1 plugins.
Preloading 0 native plugins for Editor in 0.00 ms.
Invoked RoslynAnalysisRunner static constructor.
RoslynAnalysisRunner will not be running.
RoslynAnalysisRunner has terminated.
Mono: successfully reloaded assembly
- Completed reload, in  0.843 seconds
Platform modules already initialized, skipping
========================================================================
Worker process is ready to serve import requests
Launched and connected shader compiler UnityShaderCompiler.exe after 0.04 seconds
Refreshing native plugins compatible for Editor in 0.36 ms, found 1 plugins.
Preloading 0 native plugins for Editor in 0.00 ms.
Unloading 1497 Unused Serialized files (Serialized files now loaded: 0)
System memory in use before: 69.4 MB.
System memory in use after: 69.4 MB.

Unloading 12 unused Assets to reduce memory usage. Loaded Objects now: 1939.
Total: 2.027700 ms (FindLiveObjects: 0.324500 ms CreateObjectMapping: 0.055900 ms MarkObjects: 1.561300 ms  DeleteObjects: 0.084900 ms)

========================================================================
Received Import Request.
  path: Assets/RotateCubeHand.cs
  artifactKey: Guid(797a8b0e61d45964995d8574e3da173f) Importer(815301076,1909f56bfc062723c751e8b465ee728b)
Start importing Assets/RotateCubeHand.cs using Guid(797a8b0e61d45964995d8574e3da173f) Importer(815301076,1909f56bfc062723c751e8b465ee728b)  -> (artifact id: '4196e13b134f7c60a778c67370c2a9b7') in 0.035408 seconds
  Import took 0.038691 seconds .

========================================================================
Received Prepare
Refreshing native plugins compatible for Editor in 2.48 ms, found 1 plugins.
Preloading 0 native plugins for Editor in 0.00 ms.
Unloading 5 Unused Serialized files (Serialized files now loaded: 0)
System memory in use before: 39.3 MB.
System memory in use after: 39.4 MB.

Unloading 5 unused Assets to reduce memory usage. Loaded Objects now: 1939.
Total: 2.210100 ms (FindLiveObjects: 0.319100 ms CreateObjectMapping: 0.049000 ms MarkObjects: 1.780000 ms  DeleteObjects: 0.060200 ms)

========================================================================
Received Import Request.
  Time since last request: 119.749678 seconds.
  path: Assets/TutorialScript.cs
  artifactKey: Guid(7751eca6395100543be6685718122fba) Importer(815301076,1909f56bfc062723c751e8b465ee728b)
Start importing Assets/TutorialScript.cs using Guid(7751eca6395100543be6685718122fba) Importer(815301076,1909f56bfc062723c751e8b465ee728b)  -> (artifact id: 'bc0fff442c36488797672c6f88e03d29') in 0.002663 seconds
  Import took 0.005477 seconds .

========================================================================
Received Prepare
Registering precompiled user dll's ...
Registered in 0.001258 seconds.
Begin MonoManager ReloadAssembly
Native extension for WindowsStandalone target not found
Refreshing native plugins compatible for Editor in 0.55 ms, found 1 plugins.
Preloading 0 native plugins for Editor in 0.00 ms.
Invoked RoslynAnalysisRunner static constructor.
RoslynAnalysisRunner will not be running.
RoslynAnalysisRunner has terminated.
Mono: successfully reloaded assembly
- Completed reload, in  0.779 seconds
Platform modules already initialized, skipping
Refreshing native plugins compatible for Editor in 0.35 ms, found 1 plugins.
Preloading 0 native plugins for Editor in 0.00 ms.
Unloading 1485 Unused Serialized files (Serialized files now loaded: 0)
System memory in use before: 68.8 MB.
System memory in use after: 68.9 MB.

Unloading 7 unused Assets to reduce memory usage. Loaded Objects now: 1942.
Total: 2.001800 ms (FindLiveObjects: 0.367600 ms CreateObjectMapping: 0.047200 ms MarkObjects: 1.514400 ms  DeleteObjects: 0.071000 ms)

========================================================================
Received Prepare
Registering precompiled user dll's ...
Registered in 0.001020 seconds.
Begin MonoManager ReloadAssembly
Native extension for WindowsStandalone target not found
Refreshing native plugins compatible for Editor in 0.34 ms, found 1 plugins.
Preloading 0 native plugins for Editor in 0.00 ms.
Invoked RoslynAnalysisRunner static constructor.
RoslynAnalysisRunner will not be running.
RoslynAnalysisRunner has terminated.
Mono: successfully reloaded assembly
- Completed reload, in  0.828 seconds
Platform modules already initialized, skipping
Refreshing native plugins compatible for Editor in 0.48 ms, found 1 plugins.
Preloading 0 native plugins for Editor in 0.00 ms.
Unloading 1485 Unused Serialized files (Serialized files now loaded: 0)
System memory in use before: 68.8 MB.
System memory in use after: 68.9 MB.

Unloading 7 unused Assets to reduce memory usage. Loaded Objects now: 1945.
Total: 2.640400 ms (FindLiveObjects: 0.482800 ms CreateObjectMapping: 0.207300 ms MarkObjects: 1.885700 ms  DeleteObjects: 0.063000 ms)

========================================================================
Received Prepare
Registering precompiled user dll's ...
Registered in 0.001319 seconds.
Begin MonoManager ReloadAssembly
Native extension for WindowsStandalone target not found
Refreshing native plugins compatible for Editor in 0.40 ms, found 1 plugins.
Preloading 0 native plugins for Editor in 0.00 ms.
Invoked RoslynAnalysisRunner static constructor.
RoslynAnalysisRunner will not be running.
RoslynAnalysisRunner has terminated.
Mono: successfully reloaded assembly
- Completed reload, in  0.769 seconds
Platform modules already initialized, skipping
Refreshing native plugins compatible for Editor in 0.34 ms, found 1 plugins.
Preloading 0 native plugins for Editor in 0.00 ms.
Unloading 1485 Unused Serialized files (Serialized files now loaded: 0)
System memory in use before: 68.8 MB.
System memory in use after: 68.9 MB.

Unloading 7 unused Assets to reduce memory usage. Loaded Objects now: 1948.
Total: 1.668600 ms (FindLiveObjects: 0.225700 ms CreateObjectMapping: 0.034000 ms MarkObjects: 1.348100 ms  DeleteObjects: 0.059700 ms)

========================================================================
Received Prepare
Registering precompiled user dll's ...
Registered in 0.001403 seconds.
Begin MonoManager ReloadAssembly
Native extension for WindowsStandalone target not found
Refreshing native plugins compatible for Editor in 0.34 ms, found 1 plugins.
Preloading 0 native plugins for Editor in 0.00 ms.
Invoked RoslynAnalysisRunner static constructor.
RoslynAnalysisRunner will not be running.
RoslynAnalysisRunner has terminated.
Mono: successfully reloaded assembly
- Completed reload, in  0.740 seconds
Platform modules already initialized, skipping
Refreshing native plugins compatible for Editor in 0.47 ms, found 1 plugins.
Preloading 0 native plugins for Editor in 0.00 ms.
Unloading 1485 Unused Serialized files (Serialized files now loaded: 0)
System memory in use before: 68.8 MB.
System memory in use after: 68.9 MB.

Unloading 7 unused Assets to reduce memory usage. Loaded Objects now: 1951.
Total: 1.725000 ms (FindLiveObjects: 0.252600 ms CreateObjectMapping: 0.036700 ms MarkObjects: 1.376400 ms  DeleteObjects: 0.058100 ms)

AssetImportWorkerClient::OnTransportError - code=2 error=End of file
