Using pre-set license
Built from '2020.3/release' branch; Version is '2020.3.7f1 (dd97f2c94397) revision 14522354'; Using compiler version '192528614'; Build Type 'Release'
OS: 'Windows 10 Pro; OS build 19041.985; Version 2004; 64bit' Language: 'ca' Physical Memory: 16344 MB
BatchMode: 1, IsHumanControllingUs: 0, StartBugReporterOnCrash: 0, Is64bit: 1, IsPro: 0

 COMMAND LINE ARGUMENTS:
C:\Program Files\Unity\2020.3.7f1\Editor\Unity.exe
-adb2
-batchMode
-noUpm
-name
AssetImportWorker6
-projectPath
C:/Users/tomeu/Documents/UIB/Interficies grafiques avançades/rubik bueno/rubik-plano
-logFile
Logs/AssetImportWorker6.log
-srvPort
59815
Successfully changed project path to: C:/Users/tomeu/Documents/UIB/Interficies grafiques avançades/rubik bueno/rubik-plano
C:/Users/tomeu/Documents/UIB/Interficies grafiques avançades/rubik bueno/rubik-plano
Using Asset Import Pipeline V2.
Refreshing native plugins compatible for Editor in 103.38 ms, found 1 plugins.
Preloading 0 native plugins for Editor in 0.00 ms.
Initialize engine version: 2020.3.7f1 (dd97f2c94397)
[Subsystems] Discovering subsystems at path C:/Program Files/Unity/2020.3.7f1/Editor/Data/Resources/UnitySubsystems
[Subsystems] Discovering subsystems at path C:/Users/tomeu/Documents/UIB/Interficies grafiques avançades/rubik bueno/rubik-plano/Assets
GfxDevice: creating device client; threaded=0
Direct3D:
    Version:  Direct3D 11.0 [level 11.0]
    Renderer: NVIDIA GeForce GTX 660 (ID=0x11c0)
    Vendor:   
    VRAM:     1998 MB
    Driver:   27.21.14.5671
Initialize mono
Mono path[0] = 'C:/Program Files/Unity/2020.3.7f1/Editor/Data/Managed'
Mono path[1] = 'C:/Program Files/Unity/2020.3.7f1/Editor/Data/MonoBleedingEdge/lib/mono/unityjit'
Mono config path = 'C:/Program Files/Unity/2020.3.7f1/Editor/Data/MonoBleedingEdge/etc'
Using monoOptions --debugger-agent=transport=dt_socket,embedding=1,server=y,suspend=n,address=127.0.0.1:56040
Begin MonoManager ReloadAssembly
Registering precompiled unity dll's ...
Register platform support module: C:/Program Files/Unity/2020.3.7f1/Editor/Data/PlaybackEngines/WindowsStandaloneSupport/UnityEditor.WindowsStandalone.Extensions.dll
Registered in 0.006155 seconds.
Native extension for WindowsStandalone target not found
Refreshing native plugins compatible for Editor in 78.69 ms, found 1 plugins.
Preloading 0 native plugins for Editor in 0.00 ms.
Mono: successfully reloaded assembly
- Completed reload, in  3.333 seconds
Platform modules already initialized, skipping
Registering precompiled user dll's ...
Registered in 0.002603 seconds.
Begin MonoManager ReloadAssembly
Native extension for WindowsStandalone target not found
Refreshing native plugins compatible for Editor in 0.71 ms, found 1 plugins.
Preloading 0 native plugins for Editor in 0.00 ms.
Mono: successfully reloaded assembly
- Completed reload, in  3.296 seconds
Platform modules already initialized, skipping
========================================================================
Worker process is ready to serve import requests
Launched and connected shader compiler UnityShaderCompiler.exe after 0.25 seconds
Refreshing native plugins compatible for Editor in 0.51 ms, found 1 plugins.
Preloading 0 native plugins for Editor in 0.00 ms.
Unloading 1496 Unused Serialized files (Serialized files now loaded: 0)
System memory in use before: 70.1 MB.
System memory in use after: 70.1 MB.

Unloading 12 unused Assets to reduce memory usage. Loaded Objects now: 1938.
Total: 3.783100 ms (FindLiveObjects: 0.558000 ms CreateObjectMapping: 0.263500 ms MarkObjects: 2.720200 ms  DeleteObjects: 0.238800 ms)

========================================================================
Received Import Request.
  path: Assets/TutorialButtonscript.cs
  artifactKey: Guid(7751eca6395100543be6685718122fba) Importer(815301076,1909f56bfc062723c751e8b465ee728b)
Start importing Assets/TutorialButtonscript.cs using Guid(7751eca6395100543be6685718122fba) Importer(815301076,1909f56bfc062723c751e8b465ee728b)  -> (artifact id: 'cce38fdcb61504434107042d9fbfc211') in 0.109432 seconds
  Import took 0.118450 seconds .

========================================================================
Received Import Request.
  Time since last request: 127.325146 seconds.
  path: Assets/Automate.cs
  artifactKey: Guid(c9648ca164fca94458d46126a1f9891e) Importer(815301076,1909f56bfc062723c751e8b465ee728b)
Start importing Assets/Automate.cs using Guid(c9648ca164fca94458d46126a1f9891e) Importer(815301076,1909f56bfc062723c751e8b465ee728b)  -> (artifact id: 'a13afe4697a4ca976fb1bf3842129d67') in 0.082008 seconds
  Import took 0.099579 seconds .

========================================================================
Received Prepare
Registering precompiled user dll's ...
Registered in 0.002074 seconds.
Begin MonoManager ReloadAssembly
Native extension for WindowsStandalone target not found
Refreshing native plugins compatible for Editor in 0.90 ms, found 1 plugins.
Preloading 0 native plugins for Editor in 0.00 ms.
Mono: successfully reloaded assembly
- Completed reload, in  3.013 seconds
Platform modules already initialized, skipping
Refreshing native plugins compatible for Editor in 0.51 ms, found 1 plugins.
Preloading 0 native plugins for Editor in 0.00 ms.
Unloading 1484 Unused Serialized files (Serialized files now loaded: 0)
System memory in use before: 69.4 MB.
System memory in use after: 69.5 MB.

Unloading 7 unused Assets to reduce memory usage. Loaded Objects now: 1941.
Total: 3.174000 ms (FindLiveObjects: 0.372800 ms CreateObjectMapping: 0.096800 ms MarkObjects: 2.612900 ms  DeleteObjects: 0.088100 ms)

========================================================================
Received Import Request.
  Time since last request: 627.587858 seconds.
  path: Assets/TutorialButtonscript.cs
  artifactKey: Guid(7751eca6395100543be6685718122fba) Importer(815301076,1909f56bfc062723c751e8b465ee728b)
Start importing Assets/TutorialButtonscript.cs using Guid(7751eca6395100543be6685718122fba) Importer(815301076,1909f56bfc062723c751e8b465ee728b)  -> (artifact id: '64b547583a25a14f440183b9ebe72f14') in 0.032560 seconds
  Import took 0.046359 seconds .

========================================================================
Received Import Request.
  Time since last request: 10.868270 seconds.
  path: Assets/TutorialScript.cs
  artifactKey: Guid(7751eca6395100543be6685718122fba) Importer(815301076,1909f56bfc062723c751e8b465ee728b)
Start importing Assets/TutorialScript.cs using Guid(7751eca6395100543be6685718122fba) Importer(815301076,1909f56bfc062723c751e8b465ee728b)  -> (artifact id: 'd2d9498e2e556e98accdcfe6f609a604') in 0.064805 seconds
  Import took 0.070758 seconds .

========================================================================
Received Prepare
Registering precompiled user dll's ...
Registered in 0.002338 seconds.
Begin MonoManager ReloadAssembly
Native extension for WindowsStandalone target not found
Refreshing native plugins compatible for Editor in 0.59 ms, found 1 plugins.
Preloading 0 native plugins for Editor in 0.00 ms.
Mono: successfully reloaded assembly
- Completed reload, in  4.967 seconds
Platform modules already initialized, skipping
Refreshing native plugins compatible for Editor in 0.48 ms, found 1 plugins.
Preloading 0 native plugins for Editor in 0.00 ms.
Unloading 1484 Unused Serialized files (Serialized files now loaded: 0)
System memory in use before: 69.5 MB.
System memory in use after: 69.6 MB.

Unloading 7 unused Assets to reduce memory usage. Loaded Objects now: 1944.
Total: 3.117000 ms (FindLiveObjects: 0.361300 ms CreateObjectMapping: 0.092100 ms MarkObjects: 2.572100 ms  DeleteObjects: 0.089400 ms)

========================================================================
Received Import Request.
  Time since last request: 121.146654 seconds.
  path: Assets/WarningPanel.cs
  artifactKey: Guid(71411e5ceb9a57141a1b338c48fabfa4) Importer(815301076,1909f56bfc062723c751e8b465ee728b)
Start importing Assets/WarningPanel.cs using Guid(71411e5ceb9a57141a1b338c48fabfa4) Importer(815301076,1909f56bfc062723c751e8b465ee728b)  -> (artifact id: 'a401873e8d15da058f2c26d4367c358d') in 0.076389 seconds
  Import took 0.092529 seconds .

========================================================================
Received Prepare
Registering precompiled user dll's ...
Registered in 0.003051 seconds.
Begin MonoManager ReloadAssembly
Native extension for WindowsStandalone target not found
Refreshing native plugins compatible for Editor in 0.48 ms, found 1 plugins.
Preloading 0 native plugins for Editor in 0.00 ms.
Mono: successfully reloaded assembly
- Completed reload, in  2.930 seconds
Platform modules already initialized, skipping
Refreshing native plugins compatible for Editor in 2.63 ms, found 1 plugins.
Preloading 0 native plugins for Editor in 0.00 ms.
Unloading 1484 Unused Serialized files (Serialized files now loaded: 0)
System memory in use before: 69.5 MB.
System memory in use after: 69.6 MB.

Unloading 7 unused Assets to reduce memory usage. Loaded Objects now: 1947.
Total: 5.892100 ms (FindLiveObjects: 3.080100 ms CreateObjectMapping: 0.291600 ms MarkObjects: 2.431000 ms  DeleteObjects: 0.085700 ms)

========================================================================
Received Prepare
Registering precompiled user dll's ...
Registered in 0.003181 seconds.
Begin MonoManager ReloadAssembly
Native extension for WindowsStandalone target not found
Refreshing native plugins compatible for Editor in 1.00 ms, found 1 plugins.
Preloading 0 native plugins for Editor in 0.00 ms.
Mono: successfully reloaded assembly
- Completed reload, in  2.386 seconds
Platform modules already initialized, skipping
Refreshing native plugins compatible for Editor in 0.47 ms, found 1 plugins.
Preloading 0 native plugins for Editor in 0.00 ms.
Unloading 1484 Unused Serialized files (Serialized files now loaded: 0)
System memory in use before: 69.5 MB.
System memory in use after: 69.6 MB.

Unloading 7 unused Assets to reduce memory usage. Loaded Objects now: 1950.
Total: 3.372000 ms (FindLiveObjects: 0.369100 ms CreateObjectMapping: 0.086400 ms MarkObjects: 2.607000 ms  DeleteObjects: 0.306900 ms)

========================================================================
Received Import Request.
  Time since last request: 89.989668 seconds.
  path: Assets/TutorialScript.cs
  artifactKey: Guid(7751eca6395100543be6685718122fba) Importer(815301076,1909f56bfc062723c751e8b465ee728b)
Start importing Assets/TutorialScript.cs using Guid(7751eca6395100543be6685718122fba) Importer(815301076,1909f56bfc062723c751e8b465ee728b)  -> (artifact id: 'e8c593435e67ce42cdf44d876b0dcec3') in 0.070044 seconds
  Import took 0.076223 seconds .

========================================================================
Received Import Request.
  Time since last request: 91.453835 seconds.
  path: Assets/Plugins/LeapMotion/Modules/Hands/Materials/TransparentHand.mat
  artifactKey: Guid(d9ec864154a8e814f9b8eb272c4b06e0) Importer(815301076,1909f56bfc062723c751e8b465ee728b)
Start importing Assets/Plugins/LeapMotion/Modules/Hands/Materials/TransparentHand.mat using Guid(d9ec864154a8e814f9b8eb272c4b06e0) Importer(815301076,1909f56bfc062723c751e8b465ee728b)  -> (artifact id: '6756bf04f36965053caf4d8253b6ab38') in 1.362455 seconds
  Import took 1.367498 seconds .

========================================================================
Received Import Request.
  Time since last request: 26.805537 seconds.
  path: Packages/com.unity.collab-proxy/Editor/Assets/Icons/choose-mine-dark.png
  artifactKey: Guid(a972d8b163b45d54b89085acf50327e8) Importer(815301076,1909f56bfc062723c751e8b465ee728b)
Start importing Packages/com.unity.collab-proxy/Editor/Assets/Icons/choose-mine-dark.png using Guid(a972d8b163b45d54b89085acf50327e8) Importer(815301076,1909f56bfc062723c751e8b465ee728b)  -> (artifact id: '5827c813af46d90a036487ea6916bbad') in 0.297819 seconds
  Import took 0.306232 seconds .

========================================================================
Received Import Request.
  Time since last request: 0.000349 seconds.
  path: Packages/com.unity.collab-proxy/Editor/Assets/Icons/choose-mine-dark@2x.png
  artifactKey: Guid(39c95c5cb14167543b9aa5908c94bb71) Importer(815301076,1909f56bfc062723c751e8b465ee728b)
Start importing Packages/com.unity.collab-proxy/Editor/Assets/Icons/choose-mine-dark@2x.png using Guid(39c95c5cb14167543b9aa5908c94bb71) Importer(815301076,1909f56bfc062723c751e8b465ee728b)  -> (artifact id: 'b0bd66e015b04e38f43401d72a51d8d3') in 0.135430 seconds
  Import took 0.141152 seconds .

========================================================================
Received Import Request.
  Time since last request: 0.000370 seconds.
  path: Packages/com.unity.collab-proxy/Editor/Assets/Icons/choose-mine-light.png
  artifactKey: Guid(2c0bdcbf152ceb64ba9b01cc370a9092) Importer(815301076,1909f56bfc062723c751e8b465ee728b)
Start importing Packages/com.unity.collab-proxy/Editor/Assets/Icons/choose-mine-light.png using Guid(2c0bdcbf152ceb64ba9b01cc370a9092) Importer(815301076,1909f56bfc062723c751e8b465ee728b)  -> (artifact id: 'e9367d06863c70c0a189446e7700daf8') in 0.096405 seconds
  Import took 0.104358 seconds .

========================================================================
Received Import Request.
  Time since last request: 53.241037 seconds.
  path: Assets/RotateCubeHand.cs
  artifactKey: Guid(797a8b0e61d45964995d8574e3da173f) Importer(815301076,1909f56bfc062723c751e8b465ee728b)
Start importing Assets/RotateCubeHand.cs using Guid(797a8b0e61d45964995d8574e3da173f) Importer(815301076,1909f56bfc062723c751e8b465ee728b)  -> (artifact id: '9f7735f97870b93cf63ba2c697c0cee0') in 0.049593 seconds
  Import took 0.053885 seconds .

========================================================================
Received Import Request.
  Time since last request: 349.429063 seconds.
  path: Assets/TutorialScript.cs
  artifactKey: Guid(7751eca6395100543be6685718122fba) Importer(815301076,1909f56bfc062723c751e8b465ee728b)
Start importing Assets/TutorialScript.cs using Guid(7751eca6395100543be6685718122fba) Importer(815301076,1909f56bfc062723c751e8b465ee728b)  -> (artifact id: '50b4cb2cd0ffbcfca4a61ecbc87e2a28') in 0.029814 seconds
  Import took 0.036535 seconds .

========================================================================
Received Prepare
Registering precompiled user dll's ...
Registered in 0.003919 seconds.
Begin MonoManager ReloadAssembly
Native extension for WindowsStandalone target not found
Refreshing native plugins compatible for Editor in 0.49 ms, found 1 plugins.
Preloading 0 native plugins for Editor in 0.00 ms.
Mono: successfully reloaded assembly
- Completed reload, in  2.464 seconds
Platform modules already initialized, skipping
Refreshing native plugins compatible for Editor in 0.60 ms, found 1 plugins.
Preloading 0 native plugins for Editor in 0.00 ms.
Unloading 1484 Unused Serialized files (Serialized files now loaded: 0)
System memory in use before: 72.9 MB.
System memory in use after: 72.9 MB.

Unloading 7 unused Assets to reduce memory usage. Loaded Objects now: 1996.
Total: 3.204400 ms (FindLiveObjects: 0.589200 ms CreateObjectMapping: 0.095500 ms MarkObjects: 2.420200 ms  DeleteObjects: 0.096200 ms)

========================================================================
Received Prepare
Registering precompiled user dll's ...
Registered in 0.003155 seconds.
Begin MonoManager ReloadAssembly
Native extension for WindowsStandalone target not found
Refreshing native plugins compatible for Editor in 0.51 ms, found 1 plugins.
Preloading 0 native plugins for Editor in 0.00 ms.
Mono: successfully reloaded assembly
- Completed reload, in  3.495 seconds
Platform modules already initialized, skipping
Refreshing native plugins compatible for Editor in 0.47 ms, found 1 plugins.
Preloading 0 native plugins for Editor in 0.00 ms.
Unloading 1484 Unused Serialized files (Serialized files now loaded: 0)
System memory in use before: 72.9 MB.
System memory in use after: 72.9 MB.

Unloading 7 unused Assets to reduce memory usage. Loaded Objects now: 1999.
Total: 8.914600 ms (FindLiveObjects: 0.547700 ms CreateObjectMapping: 0.133600 ms MarkObjects: 8.058600 ms  DeleteObjects: 0.151400 ms)

========================================================================
Received Prepare
Registering precompiled user dll's ...
Registered in 0.004829 seconds.
Begin MonoManager ReloadAssembly
Native extension for WindowsStandalone target not found
Refreshing native plugins compatible for Editor in 0.61 ms, found 1 plugins.
Preloading 0 native plugins for Editor in 0.00 ms.
Mono: successfully reloaded assembly
- Completed reload, in  6.418 seconds
Platform modules already initialized, skipping
Refreshing native plugins compatible for Editor in 3.87 ms, found 1 plugins.
Preloading 0 native plugins for Editor in 0.00 ms.
Unloading 1484 Unused Serialized files (Serialized files now loaded: 0)
System memory in use before: 72.9 MB.
System memory in use after: 73.0 MB.

Unloading 7 unused Assets to reduce memory usage. Loaded Objects now: 2002.
Total: 61.037700 ms (FindLiveObjects: 41.066100 ms CreateObjectMapping: 0.208900 ms MarkObjects: 19.638100 ms  DeleteObjects: 0.122000 ms)

========================================================================
Received Prepare
Registering precompiled user dll's ...
Registered in 0.002609 seconds.
Begin MonoManager ReloadAssembly
Native extension for WindowsStandalone target not found
Refreshing native plugins compatible for Editor in 0.85 ms, found 1 plugins.
Preloading 0 native plugins for Editor in 0.00 ms.
Mono: successfully reloaded assembly
- Completed reload, in  3.116 seconds
Platform modules already initialized, skipping
Refreshing native plugins compatible for Editor in 0.47 ms, found 1 plugins.
Preloading 0 native plugins for Editor in 0.00 ms.
Unloading 1484 Unused Serialized files (Serialized files now loaded: 0)
System memory in use before: 72.9 MB.
System memory in use after: 73.0 MB.

Unloading 7 unused Assets to reduce memory usage. Loaded Objects now: 2005.
Total: 4.993700 ms (FindLiveObjects: 0.949300 ms CreateObjectMapping: 0.428500 ms MarkObjects: 3.527900 ms  DeleteObjects: 0.085700 ms)

========================================================================
Received Import Request.
  Time since last request: 1128.746538 seconds.
  path: Assets/RotateBigCube.cs
  artifactKey: Guid(b7a9b4d365f9c4f43802af1c8fdbd1fb) Importer(815301076,1909f56bfc062723c751e8b465ee728b)
Start importing Assets/RotateBigCube.cs using Guid(b7a9b4d365f9c4f43802af1c8fdbd1fb) Importer(815301076,1909f56bfc062723c751e8b465ee728b)  -> (artifact id: 'cb576c4e5a3e8fe4adafc408814e4fe3') in 0.042104 seconds
  Import took 0.052457 seconds .

========================================================================
Received Import Request.
  Time since last request: 0.023838 seconds.
  path: Assets/RotateBigCube.cs
  artifactKey: Guid(b7a9b4d365f9c4f43802af1c8fdbd1fb) Importer(815301076,1909f56bfc062723c751e8b465ee728b)
Start importing Assets/RotateBigCube.cs using Guid(b7a9b4d365f9c4f43802af1c8fdbd1fb) Importer(815301076,1909f56bfc062723c751e8b465ee728b)  -> (artifact id: 'cb576c4e5a3e8fe4adafc408814e4fe3') in 0.053451 seconds
  Import took 0.062152 seconds .

========================================================================
Received Import Request.
  Time since last request: 433.901688 seconds.
  path: Assets/RotateBigCube.cs
  artifactKey: Guid(b7a9b4d365f9c4f43802af1c8fdbd1fb) Importer(815301076,1909f56bfc062723c751e8b465ee728b)
Start importing Assets/RotateBigCube.cs using Guid(b7a9b4d365f9c4f43802af1c8fdbd1fb) Importer(815301076,1909f56bfc062723c751e8b465ee728b)  -> (artifact id: '76f7669fb58ac2f25ff2188e1d9a27ad') in 0.105006 seconds
  Import took 0.121804 seconds .

========================================================================
Received Prepare
Registering precompiled user dll's ...
Registered in 0.002123 seconds.
Begin MonoManager ReloadAssembly
Native extension for WindowsStandalone target not found
Refreshing native plugins compatible for Editor in 0.77 ms, found 1 plugins.
Preloading 0 native plugins for Editor in 0.00 ms.
Mono: successfully reloaded assembly
- Completed reload, in  2.340 seconds
Platform modules already initialized, skipping
Refreshing native plugins compatible for Editor in 0.99 ms, found 1 plugins.
Preloading 0 native plugins for Editor in 0.00 ms.
Unloading 1484 Unused Serialized files (Serialized files now loaded: 0)
System memory in use before: 72.9 MB.
System memory in use after: 73.0 MB.

Unloading 7 unused Assets to reduce memory usage. Loaded Objects now: 2008.
Total: 3.842200 ms (FindLiveObjects: 0.422700 ms CreateObjectMapping: 0.114300 ms MarkObjects: 3.205800 ms  DeleteObjects: 0.095700 ms)

========================================================================
Received Prepare
Registering precompiled user dll's ...
Registered in 0.005677 seconds.
Begin MonoManager ReloadAssembly
Native extension for WindowsStandalone target not found
Refreshing native plugins compatible for Editor in 0.48 ms, found 1 plugins.
Preloading 0 native plugins for Editor in 0.00 ms.
Mono: successfully reloaded assembly
- Completed reload, in  2.139 seconds
Platform modules already initialized, skipping
Refreshing native plugins compatible for Editor in 0.54 ms, found 1 plugins.
Preloading 0 native plugins for Editor in 0.00 ms.
Unloading 1484 Unused Serialized files (Serialized files now loaded: 0)
System memory in use before: 72.9 MB.
System memory in use after: 73.0 MB.

Unloading 7 unused Assets to reduce memory usage. Loaded Objects now: 2011.
Total: 3.981400 ms (FindLiveObjects: 0.398900 ms CreateObjectMapping: 0.098300 ms MarkObjects: 3.366200 ms  DeleteObjects: 0.114900 ms)

========================================================================
Received Prepare
Registering precompiled user dll's ...
Registered in 0.003302 seconds.
Begin MonoManager ReloadAssembly
Native extension for WindowsStandalone target not found
Refreshing native plugins compatible for Editor in 0.55 ms, found 1 plugins.
Preloading 0 native plugins for Editor in 0.00 ms.
Mono: successfully reloaded assembly
- Completed reload, in  2.908 seconds
Platform modules already initialized, skipping
Refreshing native plugins compatible for Editor in 0.53 ms, found 1 plugins.
Preloading 0 native plugins for Editor in 0.00 ms.
Unloading 1484 Unused Serialized files (Serialized files now loaded: 0)
System memory in use before: 72.9 MB.
System memory in use after: 73.0 MB.

Unloading 7 unused Assets to reduce memory usage. Loaded Objects now: 2014.
Total: 3.375100 ms (FindLiveObjects: 0.396300 ms CreateObjectMapping: 0.094900 ms MarkObjects: 2.794200 ms  DeleteObjects: 0.086900 ms)

========================================================================
Received Prepare
Registering precompiled user dll's ...
Registered in 0.002523 seconds.
Begin MonoManager ReloadAssembly
Native extension for WindowsStandalone target not found
Refreshing native plugins compatible for Editor in 0.59 ms, found 1 plugins.
Preloading 0 native plugins for Editor in 0.00 ms.
Mono: successfully reloaded assembly
- Completed reload, in  3.028 seconds
Platform modules already initialized, skipping
Refreshing native plugins compatible for Editor in 2.00 ms, found 1 plugins.
Preloading 0 native plugins for Editor in 0.00 ms.
Unloading 1484 Unused Serialized files (Serialized files now loaded: 0)
System memory in use before: 72.9 MB.
System memory in use after: 73.0 MB.

Unloading 7 unused Assets to reduce memory usage. Loaded Objects now: 2017.
Total: 4.284300 ms (FindLiveObjects: 0.495300 ms CreateObjectMapping: 0.112700 ms MarkObjects: 3.593400 ms  DeleteObjects: 0.080200 ms)

========================================================================
Received Prepare
Registering precompiled user dll's ...
Registered in 0.003377 seconds.
Begin MonoManager ReloadAssembly
Native extension for WindowsStandalone target not found
Refreshing native plugins compatible for Editor in 0.47 ms, found 1 plugins.
Preloading 0 native plugins for Editor in 0.00 ms.
Mono: successfully reloaded assembly
- Completed reload, in  1.895 seconds
Platform modules already initialized, skipping
Refreshing native plugins compatible for Editor in 0.63 ms, found 1 plugins.
Preloading 0 native plugins for Editor in 0.00 ms.
Unloading 1484 Unused Serialized files (Serialized files now loaded: 0)
System memory in use before: 72.9 MB.
System memory in use after: 73.0 MB.

Unloading 7 unused Assets to reduce memory usage. Loaded Objects now: 2020.
Total: 3.853300 ms (FindLiveObjects: 0.377800 ms CreateObjectMapping: 0.086900 ms MarkObjects: 3.180100 ms  DeleteObjects: 0.205700 ms)

========================================================================
Received Prepare
Registering precompiled user dll's ...
Registered in 0.002480 seconds.
Begin MonoManager ReloadAssembly
Native extension for WindowsStandalone target not found
Refreshing native plugins compatible for Editor in 0.48 ms, found 1 plugins.
Preloading 0 native plugins for Editor in 0.00 ms.
Mono: successfully reloaded assembly
- Completed reload, in  2.109 seconds
Platform modules already initialized, skipping
Refreshing native plugins compatible for Editor in 0.48 ms, found 1 plugins.
Preloading 0 native plugins for Editor in 0.00 ms.
Unloading 1484 Unused Serialized files (Serialized files now loaded: 0)
System memory in use before: 72.9 MB.
System memory in use after: 73.0 MB.

Unloading 7 unused Assets to reduce memory usage. Loaded Objects now: 2023.
Total: 4.181000 ms (FindLiveObjects: 0.381500 ms CreateObjectMapping: 0.091800 ms MarkObjects: 3.618000 ms  DeleteObjects: 0.087700 ms)

========================================================================
Received Prepare
Registering precompiled user dll's ...
Registered in 0.004547 seconds.
Begin MonoManager ReloadAssembly
Native extension for WindowsStandalone target not found
Refreshing native plugins compatible for Editor in 0.54 ms, found 1 plugins.
Preloading 0 native plugins for Editor in 0.00 ms.
Mono: successfully reloaded assembly
- Completed reload, in  2.866 seconds
Platform modules already initialized, skipping
Refreshing native plugins compatible for Editor in 0.50 ms, found 1 plugins.
Preloading 0 native plugins for Editor in 0.00 ms.
Unloading 1484 Unused Serialized files (Serialized files now loaded: 0)
System memory in use before: 72.9 MB.
System memory in use after: 73.0 MB.

Unloading 7 unused Assets to reduce memory usage. Loaded Objects now: 2026.
Total: 5.469800 ms (FindLiveObjects: 0.523800 ms CreateObjectMapping: 0.216400 ms MarkObjects: 4.640800 ms  DeleteObjects: 0.085400 ms)

========================================================================
Received Prepare
Registering precompiled user dll's ...
Registered in 0.002452 seconds.
Begin MonoManager ReloadAssembly
Native extension for WindowsStandalone target not found
Refreshing native plugins compatible for Editor in 0.51 ms, found 1 plugins.
Preloading 0 native plugins for Editor in 0.00 ms.
Mono: successfully reloaded assembly
- Completed reload, in  2.469 seconds
Platform modules already initialized, skipping
Refreshing native plugins compatible for Editor in 0.47 ms, found 1 plugins.
Preloading 0 native plugins for Editor in 0.00 ms.
Unloading 1484 Unused Serialized files (Serialized files now loaded: 0)
System memory in use before: 72.9 MB.
System memory in use after: 73.0 MB.

Unloading 7 unused Assets to reduce memory usage. Loaded Objects now: 2029.
Total: 4.651100 ms (FindLiveObjects: 0.814400 ms CreateObjectMapping: 0.184500 ms MarkObjects: 3.545400 ms  DeleteObjects: 0.105000 ms)

========================================================================
Received Prepare
Registering precompiled user dll's ...
Registered in 0.002277 seconds.
Begin MonoManager ReloadAssembly
Native extension for WindowsStandalone target not found
Refreshing native plugins compatible for Editor in 1.45 ms, found 1 plugins.
Preloading 0 native plugins for Editor in 0.00 ms.
Mono: successfully reloaded assembly
- Completed reload, in  3.158 seconds
Platform modules already initialized, skipping
Refreshing native plugins compatible for Editor in 0.56 ms, found 1 plugins.
Preloading 0 native plugins for Editor in 0.00 ms.
Unloading 1484 Unused Serialized files (Serialized files now loaded: 0)
System memory in use before: 72.9 MB.
System memory in use after: 73.0 MB.

Unloading 7 unused Assets to reduce memory usage. Loaded Objects now: 2032.
Total: 3.860600 ms (FindLiveObjects: 0.710900 ms CreateObjectMapping: 0.177900 ms MarkObjects: 2.889200 ms  DeleteObjects: 0.080800 ms)

========================================================================
Received Import Request.
  Time since last request: 1186.829290 seconds.
  path: Assets/TutorialScript.cs
  artifactKey: Guid(7751eca6395100543be6685718122fba) Importer(815301076,1909f56bfc062723c751e8b465ee728b)
Start importing Assets/TutorialScript.cs using Guid(7751eca6395100543be6685718122fba) Importer(815301076,1909f56bfc062723c751e8b465ee728b)  -> (artifact id: 'a8f09287d6678af5a26d0a68c5da085c') in 0.050404 seconds
  Import took 0.056707 seconds .

========================================================================
Received Import Request.
  Time since last request: 128.585038 seconds.
  path: Assets/Concurrencia.cs
  artifactKey: Guid(3d9b9ed9ecbb31b4fb2efc4aa36ed2d9) Importer(815301076,1909f56bfc062723c751e8b465ee728b)
Start importing Assets/Concurrencia.cs using Guid(3d9b9ed9ecbb31b4fb2efc4aa36ed2d9) Importer(815301076,1909f56bfc062723c751e8b465ee728b)  -> (artifact id: '6753065a816b45de3dc3511ad691111a') in 0.103681 seconds
  Import took 0.109347 seconds .

========================================================================
Received Prepare
Registering precompiled user dll's ...
Registered in 0.002611 seconds.
Begin MonoManager ReloadAssembly
Native extension for WindowsStandalone target not found
Refreshing native plugins compatible for Editor in 0.49 ms, found 1 plugins.
Preloading 0 native plugins for Editor in 0.00 ms.
Mono: successfully reloaded assembly
- Completed reload, in  2.358 seconds
Platform modules already initialized, skipping
Refreshing native plugins compatible for Editor in 0.50 ms, found 1 plugins.
Preloading 0 native plugins for Editor in 0.00 ms.
Unloading 1484 Unused Serialized files (Serialized files now loaded: 0)
System memory in use before: 72.9 MB.
System memory in use after: 73.0 MB.

Unloading 7 unused Assets to reduce memory usage. Loaded Objects now: 2035.
Total: 3.296000 ms (FindLiveObjects: 0.607900 ms CreateObjectMapping: 0.261000 ms MarkObjects: 2.340500 ms  DeleteObjects: 0.085000 ms)

========================================================================
Received Prepare
Registering precompiled user dll's ...
Registered in 0.002586 seconds.
Begin MonoManager ReloadAssembly
Native extension for WindowsStandalone target not found
Refreshing native plugins compatible for Editor in 1.51 ms, found 1 plugins.
Preloading 0 native plugins for Editor in 0.00 ms.
Mono: successfully reloaded assembly
- Completed reload, in  2.604 seconds
Platform modules already initialized, skipping
Refreshing native plugins compatible for Editor in 5.84 ms, found 1 plugins.
Preloading 0 native plugins for Editor in 0.00 ms.
Unloading 1485 Unused Serialized files (Serialized files now loaded: 0)
System memory in use before: 73.0 MB.
System memory in use after: 73.0 MB.

Unloading 7 unused Assets to reduce memory usage. Loaded Objects now: 2039.
Total: 5.808300 ms (FindLiveObjects: 0.453900 ms CreateObjectMapping: 0.109200 ms MarkObjects: 5.117100 ms  DeleteObjects: 0.125000 ms)

========================================================================
Received Prepare
Registering precompiled user dll's ...
Registered in 0.005745 seconds.
Begin MonoManager ReloadAssembly
Native extension for WindowsStandalone target not found
Refreshing native plugins compatible for Editor in 0.73 ms, found 1 plugins.
Preloading 0 native plugins for Editor in 0.00 ms.
Mono: successfully reloaded assembly
- Completed reload, in 21.402 seconds
Platform modules already initialized, skipping
Refreshing native plugins compatible for Editor in 1.49 ms, found 1 plugins.
Preloading 0 native plugins for Editor in 0.00 ms.
Unloading 1485 Unused Serialized files (Serialized files now loaded: 0)
System memory in use before: 73.0 MB.
System memory in use after: 73.0 MB.

Unloading 7 unused Assets to reduce memory usage. Loaded Objects now: 2042.
Total: 3.598200 ms (FindLiveObjects: 0.425000 ms CreateObjectMapping: 0.128500 ms MarkObjects: 2.954000 ms  DeleteObjects: 0.088500 ms)

========================================================================
Received Prepare
Registering precompiled user dll's ...
Registered in 0.006772 seconds.
Begin MonoManager ReloadAssembly
Native extension for WindowsStandalone target not found
Refreshing native plugins compatible for Editor in 0.52 ms, found 1 plugins.
Preloading 0 native plugins for Editor in 0.00 ms.
Mono: successfully reloaded assembly
- Completed reload, in  5.753 seconds
Platform modules already initialized, skipping
Refreshing native plugins compatible for Editor in 0.50 ms, found 1 plugins.
Preloading 0 native plugins for Editor in 0.00 ms.
Unloading 1485 Unused Serialized files (Serialized files now loaded: 0)
System memory in use before: 73.0 MB.
System memory in use after: 73.1 MB.

Unloading 7 unused Assets to reduce memory usage. Loaded Objects now: 2045.
Total: 3.348400 ms (FindLiveObjects: 0.488700 ms CreateObjectMapping: 0.106100 ms MarkObjects: 2.611000 ms  DeleteObjects: 0.139900 ms)

========================================================================
Received Prepare
Registering precompiled user dll's ...
Registered in 0.008327 seconds.
Begin MonoManager ReloadAssembly
Native extension for WindowsStandalone target not found
Refreshing native plugins compatible for Editor in 0.52 ms, found 1 plugins.
Preloading 0 native plugins for Editor in 0.00 ms.
Mono: successfully reloaded assembly
- Completed reload, in  2.316 seconds
Platform modules already initialized, skipping
Refreshing native plugins compatible for Editor in 0.47 ms, found 1 plugins.
Preloading 0 native plugins for Editor in 0.00 ms.
Unloading 1485 Unused Serialized files (Serialized files now loaded: 0)
System memory in use before: 73.0 MB.
System memory in use after: 73.1 MB.

Unloading 7 unused Assets to reduce memory usage. Loaded Objects now: 2048.
Total: 6.328000 ms (FindLiveObjects: 0.463900 ms CreateObjectMapping: 2.466400 ms MarkObjects: 3.301700 ms  DeleteObjects: 0.094100 ms)

========================================================================
Received Prepare
Registering precompiled user dll's ...
Registered in 0.004297 seconds.
Begin MonoManager ReloadAssembly
Native extension for WindowsStandalone target not found
Refreshing native plugins compatible for Editor in 5.28 ms, found 1 plugins.
Preloading 0 native plugins for Editor in 0.00 ms.
Mono: successfully reloaded assembly
- Completed reload, in  2.691 seconds
Platform modules already initialized, skipping
Refreshing native plugins compatible for Editor in 0.48 ms, found 1 plugins.
Preloading 0 native plugins for Editor in 0.00 ms.
Unloading 1485 Unused Serialized files (Serialized files now loaded: 0)
System memory in use before: 73.0 MB.
System memory in use after: 73.1 MB.

Unloading 7 unused Assets to reduce memory usage. Loaded Objects now: 2051.
Total: 3.577100 ms (FindLiveObjects: 0.387000 ms CreateObjectMapping: 0.131400 ms MarkObjects: 2.945400 ms  DeleteObjects: 0.110700 ms)

========================================================================
Received Prepare
Registering precompiled user dll's ...
Registered in 0.008002 seconds.
Begin MonoManager ReloadAssembly
Native extension for WindowsStandalone target not found
Refreshing native plugins compatible for Editor in 1.04 ms, found 1 plugins.
Preloading 0 native plugins for Editor in 0.00 ms.
Mono: successfully reloaded assembly
- Completed reload, in  2.673 seconds
Platform modules already initialized, skipping
Refreshing native plugins compatible for Editor in 1.31 ms, found 1 plugins.
Preloading 0 native plugins for Editor in 0.00 ms.
Unloading 1485 Unused Serialized files (Serialized files now loaded: 0)
System memory in use before: 73.0 MB.
System memory in use after: 73.1 MB.

Unloading 7 unused Assets to reduce memory usage. Loaded Objects now: 2054.
Total: 4.422800 ms (FindLiveObjects: 0.441300 ms CreateObjectMapping: 0.098300 ms MarkObjects: 3.780900 ms  DeleteObjects: 0.099900 ms)

========================================================================
Received Prepare
Registering precompiled user dll's ...
Registered in 0.008625 seconds.
Begin MonoManager ReloadAssembly
Native extension for WindowsStandalone target not found
Refreshing native plugins compatible for Editor in 0.49 ms, found 1 plugins.
Preloading 0 native plugins for Editor in 0.00 ms.
Mono: successfully reloaded assembly
- Completed reload, in  2.484 seconds
Platform modules already initialized, skipping
Refreshing native plugins compatible for Editor in 0.55 ms, found 1 plugins.
Preloading 0 native plugins for Editor in 0.00 ms.
Unloading 1485 Unused Serialized files (Serialized files now loaded: 0)
System memory in use before: 73.0 MB.
System memory in use after: 73.1 MB.

Unloading 7 unused Assets to reduce memory usage. Loaded Objects now: 2057.
Total: 3.890500 ms (FindLiveObjects: 0.553500 ms CreateObjectMapping: 0.148600 ms MarkObjects: 3.099600 ms  DeleteObjects: 0.086200 ms)

========================================================================
Received Prepare
Registering precompiled user dll's ...
Registered in 0.005471 seconds.
Begin MonoManager ReloadAssembly
Native extension for WindowsStandalone target not found
Refreshing native plugins compatible for Editor in 0.48 ms, found 1 plugins.
Preloading 0 native plugins for Editor in 0.00 ms.
Mono: successfully reloaded assembly
- Completed reload, in  2.384 seconds
Platform modules already initialized, skipping
Refreshing native plugins compatible for Editor in 0.60 ms, found 1 plugins.
Preloading 0 native plugins for Editor in 0.00 ms.
Unloading 1485 Unused Serialized files (Serialized files now loaded: 0)
System memory in use before: 73.0 MB.
System memory in use after: 73.1 MB.

Unloading 7 unused Assets to reduce memory usage. Loaded Objects now: 2060.
Total: 5.242400 ms (FindLiveObjects: 0.464100 ms CreateObjectMapping: 0.287100 ms MarkObjects: 4.394400 ms  DeleteObjects: 0.094400 ms)

========================================================================
Received Prepare
Registering precompiled user dll's ...
Registered in 0.002132 seconds.
Begin MonoManager ReloadAssembly
Native extension for WindowsStandalone target not found
Refreshing native plugins compatible for Editor in 0.57 ms, found 1 plugins.
Preloading 0 native plugins for Editor in 0.00 ms.
Mono: successfully reloaded assembly
- Completed reload, in  2.344 seconds
Platform modules already initialized, skipping
Refreshing native plugins compatible for Editor in 0.68 ms, found 1 plugins.
Preloading 0 native plugins for Editor in 0.00 ms.
Unloading 1485 Unused Serialized files (Serialized files now loaded: 0)
System memory in use before: 73.0 MB.
System memory in use after: 73.1 MB.

Unloading 7 unused Assets to reduce memory usage. Loaded Objects now: 2063.
Total: 3.988200 ms (FindLiveObjects: 0.415300 ms CreateObjectMapping: 0.094400 ms MarkObjects: 2.773100 ms  DeleteObjects: 0.702600 ms)

========================================================================
Received Prepare
Registering precompiled user dll's ...
Registered in 0.002125 seconds.
Begin MonoManager ReloadAssembly
Native extension for WindowsStandalone target not found
Refreshing native plugins compatible for Editor in 0.49 ms, found 1 plugins.
Preloading 0 native plugins for Editor in 0.00 ms.
Mono: successfully reloaded assembly
- Completed reload, in  2.143 seconds
Platform modules already initialized, skipping
Refreshing native plugins compatible for Editor in 0.49 ms, found 1 plugins.
Preloading 0 native plugins for Editor in 0.00 ms.
Unloading 1485 Unused Serialized files (Serialized files now loaded: 0)
System memory in use before: 73.0 MB.
System memory in use after: 73.1 MB.

Unloading 7 unused Assets to reduce memory usage. Loaded Objects now: 2066.
Total: 4.172500 ms (FindLiveObjects: 0.567500 ms CreateObjectMapping: 0.210000 ms MarkObjects: 3.310200 ms  DeleteObjects: 0.082600 ms)

========================================================================
Received Prepare
Registering precompiled user dll's ...
Registered in 0.004235 seconds.
Begin MonoManager ReloadAssembly
Native extension for WindowsStandalone target not found
Refreshing native plugins compatible for Editor in 0.58 ms, found 1 plugins.
Preloading 0 native plugins for Editor in 0.00 ms.
Mono: successfully reloaded assembly
- Completed reload, in  2.601 seconds
Platform modules already initialized, skipping
Refreshing native plugins compatible for Editor in 0.48 ms, found 1 plugins.
Preloading 0 native plugins for Editor in 0.00 ms.
Unloading 1485 Unused Serialized files (Serialized files now loaded: 0)
System memory in use before: 73.0 MB.
System memory in use after: 73.1 MB.

Unloading 7 unused Assets to reduce memory usage. Loaded Objects now: 2069.
Total: 3.604100 ms (FindLiveObjects: 0.413900 ms CreateObjectMapping: 0.094300 ms MarkObjects: 3.001600 ms  DeleteObjects: 0.092100 ms)

========================================================================
Received Prepare
Registering precompiled user dll's ...
Registered in 0.002671 seconds.
Begin MonoManager ReloadAssembly
Native extension for WindowsStandalone target not found
Refreshing native plugins compatible for Editor in 0.66 ms, found 1 plugins.
Preloading 0 native plugins for Editor in 0.00 ms.
Mono: successfully reloaded assembly
- Completed reload, in  2.621 seconds
Platform modules already initialized, skipping
Refreshing native plugins compatible for Editor in 0.51 ms, found 1 plugins.
Preloading 0 native plugins for Editor in 0.00 ms.
Unloading 1485 Unused Serialized files (Serialized files now loaded: 0)
System memory in use before: 73.0 MB.
System memory in use after: 73.1 MB.

Unloading 7 unused Assets to reduce memory usage. Loaded Objects now: 2072.
Total: 3.392000 ms (FindLiveObjects: 0.384600 ms CreateObjectMapping: 0.087500 ms MarkObjects: 2.820300 ms  DeleteObjects: 0.096700 ms)

========================================================================
Received Prepare
Registering precompiled user dll's ...
Registered in 0.002763 seconds.
Begin MonoManager ReloadAssembly
Native extension for WindowsStandalone target not found
Refreshing native plugins compatible for Editor in 1.03 ms, found 1 plugins.
Preloading 0 native plugins for Editor in 0.00 ms.
Mono: successfully reloaded assembly
- Completed reload, in  2.692 seconds
Platform modules already initialized, skipping
Refreshing native plugins compatible for Editor in 1.68 ms, found 1 plugins.
Preloading 0 native plugins for Editor in 0.00 ms.
Unloading 1485 Unused Serialized files (Serialized files now loaded: 0)
System memory in use before: 73.0 MB.
System memory in use after: 73.1 MB.

Unloading 7 unused Assets to reduce memory usage. Loaded Objects now: 2075.
Total: 5.971500 ms (FindLiveObjects: 0.691800 ms CreateObjectMapping: 0.205400 ms MarkObjects: 4.975000 ms  DeleteObjects: 0.096400 ms)

========================================================================
Received Prepare
Registering precompiled user dll's ...
Registered in 0.002748 seconds.
Begin MonoManager ReloadAssembly
Native extension for WindowsStandalone target not found
Refreshing native plugins compatible for Editor in 0.72 ms, found 1 plugins.
Preloading 0 native plugins for Editor in 0.00 ms.
Mono: successfully reloaded assembly
- Completed reload, in  2.653 seconds
Platform modules already initialized, skipping
Refreshing native plugins compatible for Editor in 0.51 ms, found 1 plugins.
Preloading 0 native plugins for Editor in 0.00 ms.
Unloading 1485 Unused Serialized files (Serialized files now loaded: 0)
System memory in use before: 73.0 MB.
System memory in use after: 73.1 MB.

Unloading 7 unused Assets to reduce memory usage. Loaded Objects now: 2078.
Total: 2.979500 ms (FindLiveObjects: 0.392800 ms CreateObjectMapping: 0.086800 ms MarkObjects: 2.408300 ms  DeleteObjects: 0.089400 ms)

========================================================================
Received Prepare
Registering precompiled user dll's ...
Registered in 0.003834 seconds.
Begin MonoManager ReloadAssembly
Native extension for WindowsStandalone target not found
Refreshing native plugins compatible for Editor in 0.59 ms, found 1 plugins.
Preloading 0 native plugins for Editor in 0.00 ms.
Mono: successfully reloaded assembly
- Completed reload, in  2.102 seconds
Platform modules already initialized, skipping
Refreshing native plugins compatible for Editor in 0.53 ms, found 1 plugins.
Preloading 0 native plugins for Editor in 0.00 ms.
Unloading 1485 Unused Serialized files (Serialized files now loaded: 0)
System memory in use before: 73.0 MB.
System memory in use after: 73.1 MB.

Unloading 7 unused Assets to reduce memory usage. Loaded Objects now: 2081.
Total: 3.787700 ms (FindLiveObjects: 0.413800 ms CreateObjectMapping: 0.098500 ms MarkObjects: 3.164000 ms  DeleteObjects: 0.108300 ms)

========================================================================
Received Prepare
Registering precompiled user dll's ...
Registered in 0.008655 seconds.
Begin MonoManager ReloadAssembly
Native extension for WindowsStandalone target not found
Refreshing native plugins compatible for Editor in 1.19 ms, found 1 plugins.
Preloading 0 native plugins for Editor in 0.00 ms.
Mono: successfully reloaded assembly
- Completed reload, in  2.407 seconds
Platform modules already initialized, skipping
Refreshing native plugins compatible for Editor in 0.53 ms, found 1 plugins.
Preloading 0 native plugins for Editor in 0.00 ms.
Unloading 1485 Unused Serialized files (Serialized files now loaded: 0)
System memory in use before: 73.0 MB.
System memory in use after: 73.1 MB.

Unloading 7 unused Assets to reduce memory usage. Loaded Objects now: 2084.
Total: 3.911200 ms (FindLiveObjects: 0.964500 ms CreateObjectMapping: 0.109100 ms MarkObjects: 2.744400 ms  DeleteObjects: 0.091500 ms)

========================================================================
Received Prepare
Registering precompiled user dll's ...
Registered in 0.003308 seconds.
Begin MonoManager ReloadAssembly
Native extension for WindowsStandalone target not found
Refreshing native plugins compatible for Editor in 0.79 ms, found 1 plugins.
Preloading 0 native plugins for Editor in 0.00 ms.
Mono: successfully reloaded assembly
- Completed reload, in  2.532 seconds
Platform modules already initialized, skipping
Refreshing native plugins compatible for Editor in 0.91 ms, found 1 plugins.
Preloading 0 native plugins for Editor in 0.00 ms.
Unloading 1485 Unused Serialized files (Serialized files now loaded: 0)
System memory in use before: 73.0 MB.
System memory in use after: 73.1 MB.

Unloading 7 unused Assets to reduce memory usage. Loaded Objects now: 2087.
Total: 8.204100 ms (FindLiveObjects: 0.417900 ms CreateObjectMapping: 0.095700 ms MarkObjects: 7.596100 ms  DeleteObjects: 0.092100 ms)

========================================================================
Received Prepare
Registering precompiled user dll's ...
Registered in 0.003963 seconds.
Begin MonoManager ReloadAssembly
Native extension for WindowsStandalone target not found
Refreshing native plugins compatible for Editor in 0.55 ms, found 1 plugins.
Preloading 0 native plugins for Editor in 0.00 ms.
Mono: successfully reloaded assembly
- Completed reload, in  2.677 seconds
Platform modules already initialized, skipping
Refreshing native plugins compatible for Editor in 0.54 ms, found 1 plugins.
Preloading 0 native plugins for Editor in 0.00 ms.
Unloading 1485 Unused Serialized files (Serialized files now loaded: 0)
System memory in use before: 73.1 MB.
System memory in use after: 73.1 MB.

Unloading 7 unused Assets to reduce memory usage. Loaded Objects now: 2090.
Total: 3.918600 ms (FindLiveObjects: 0.830800 ms CreateObjectMapping: 0.182000 ms MarkObjects: 2.749000 ms  DeleteObjects: 0.154100 ms)

========================================================================
Received Prepare
Registering precompiled user dll's ...
Registered in 0.002270 seconds.
Begin MonoManager ReloadAssembly
Native extension for WindowsStandalone target not found
Refreshing native plugins compatible for Editor in 0.50 ms, found 1 plugins.
Preloading 0 native plugins for Editor in 0.00 ms.
Mono: successfully reloaded assembly
- Completed reload, in  2.646 seconds
Platform modules already initialized, skipping
Refreshing native plugins compatible for Editor in 0.51 ms, found 1 plugins.
Preloading 0 native plugins for Editor in 0.00 ms.
Unloading 1485 Unused Serialized files (Serialized files now loaded: 0)
System memory in use before: 73.1 MB.
System memory in use after: 73.1 MB.

Unloading 7 unused Assets to reduce memory usage. Loaded Objects now: 2093.
Total: 4.314200 ms (FindLiveObjects: 0.406400 ms CreateObjectMapping: 0.088000 ms MarkObjects: 3.584200 ms  DeleteObjects: 0.143000 ms)

AssetImportWorkerClient::OnTransportError - code=2 error=End of file
